-------------------------------------------------------------------------------
Test set: co.edu.unicauca.microkernel.restaurante.core.access.AlmuerzoRepositoryImplMysqlTest
-------------------------------------------------------------------------------
Tests run: 8, Failures: 8, Errors: 0, Skipped: 0, Time elapsed: 0.026 sec <<< FAILURE!
co.edu.unicauca.microkernel.restaurante.core.access.AlmuerzoRepositoryImplMysqlTest.testContarAlmu()  Time elapsed: 0.005 sec  <<< FAILURE!
java.lang.NoClassDefFoundError: co/edu/unicauca/microkernel/restaurante/core/access/AlmuerzoRepositoryImplMysql
	at co.edu.unicauca.microkernel.restaurante.core.access.AlmuerzoRepositoryImplMysqlTest.testContarAlmu(AlmuerzoRepositoryImplMysqlTest.java:122)
Caused by: java.lang.ClassNotFoundException: co.edu.unicauca.microkernel.restaurante.core.access.AlmuerzoRepositoryImplMysql
	at java.net.URLClassLoader.findClass(URLClassLoader.java:382)
	at java.lang.ClassLoader.loadClass(ClassLoader.java:418)
	at sun.misc.Launcher$AppClassLoader.loadClass(Launcher.java:355)
	at java.lang.ClassLoader.loadClass(ClassLoader.java:351)
	... 19 more

co.edu.unicauca.microkernel.restaurante.core.access.AlmuerzoRepositoryImplMysqlTest.testAsociarComp()  Time elapsed: 0.007 sec  <<< FAILURE!
java.lang.NoClassDefFoundError: co/edu/unicauca/microkernel/restaurante/core/access/AlmuerzoRepositoryImplMysql
	at co.edu.unicauca.microkernel.restaurante.core.access.AlmuerzoRepositoryImplMysqlTest.testAsociarComp(AlmuerzoRepositoryImplMysqlTest.java:138)

co.edu.unicauca.microkernel.restaurante.core.access.AlmuerzoRepositoryImplMysqlTest.testConnect()  Time elapsed: 0.001 sec  <<< FAILURE!
java.lang.NoClassDefFoundError: co/edu/unicauca/microkernel/restaurante/core/access/AlmuerzoRepositoryImplMysql
	at co.edu.unicauca.microkernel.restaurante.core.access.AlmuerzoRepositoryImplMysqlTest.testConnect(AlmuerzoRepositoryImplMysqlTest.java:62)

co.edu.unicauca.microkernel.restaurante.core.access.AlmuerzoRepositoryImplMysqlTest.testUpdateCosto()  Time elapsed: 0.002 sec  <<< FAILURE!
java.lang.NoClassDefFoundError: co/edu/unicauca/microkernel/restaurante/core/access/AlmuerzoRepositoryImplMysql
	at co.edu.unicauca.microkernel.restaurante.core.access.AlmuerzoRepositoryImplMysqlTest.testUpdateCosto(AlmuerzoRepositoryImplMysqlTest.java:107)

co.edu.unicauca.microkernel.restaurante.core.access.AlmuerzoRepositoryImplMysqlTest.testUpdateAlmuerzo()  Time elapsed: 0.005 sec  <<< FAILURE!
java.lang.NoClassDefFoundError: co/edu/unicauca/microkernel/restaurante/core/access/AlmuerzoRepositoryImplMysql
	at co.edu.unicauca.microkernel.restaurante.core.access.AlmuerzoRepositoryImplMysqlTest.testUpdateAlmuerzo(AlmuerzoRepositoryImplMysqlTest.java:92)

co.edu.unicauca.microkernel.restaurante.core.access.AlmuerzoRepositoryImplMysqlTest.testDeleteCompAlmuerzo()  Time elapsed: 0.002 sec  <<< FAILURE!
java.lang.NoClassDefFoundError: co/edu/unicauca/microkernel/restaurante/core/access/AlmuerzoRepositoryImplMysql
	at co.edu.unicauca.microkernel.restaurante.core.access.AlmuerzoRepositoryImplMysqlTest.testDeleteCompAlmuerzo(AlmuerzoRepositoryImplMysqlTest.java:153)

co.edu.unicauca.microkernel.restaurante.core.access.AlmuerzoRepositoryImplMysqlTest.testFindAllAlmuerzos()  Time elapsed: 0.001 sec  <<< FAILURE!
java.lang.NoClassDefFoundError: co/edu/unicauca/microkernel/restaurante/core/access/AlmuerzoRepositoryImplMysql
	at co.edu.unicauca.microkernel.restaurante.core.access.AlmuerzoRepositoryImplMysqlTest.testFindAllAlmuerzos(AlmuerzoRepositoryImplMysqlTest.java:48)

co.edu.unicauca.microkernel.restaurante.core.access.AlmuerzoRepositoryImplMysqlTest.testCreateAlmuerzo()  Time elapsed: 0.001 sec  <<< FAILURE!
java.lang.NoClassDefFoundError: co/edu/unicauca/microkernel/restaurante/core/access/AlmuerzoRepositoryImplMysql
	at co.edu.unicauca.microkernel.restaurante.core.access.AlmuerzoRepositoryImplMysqlTest.testCreateAlmuerzo(AlmuerzoRepositoryImplMysqlTest.java:77)

